app/build/outputs/mapping/release/seeds.txt
com.yyy.djk.dropdownmenu.MainActivity
com.yyy.djk.dropdownmenu.MainActivity: MainActivity()
com.yyy.djk.dropdownmenu.R$anim: int abc_fade_in
com.yyy.djk.dropdownmenu.R$anim: int abc_fade_out
com.yyy.djk.dropdownmenu.R$anim: int abc_grow_fade_in_from_bottom
com.yyy.djk.dropdownmenu.R$anim: int abc_popup_enter
com.yyy.djk.dropdownmenu.R$anim: int abc_popup_exit
com.yyy.djk.dropdownmenu.R$anim: int abc_shrink_fade_out_from_bottom
com.yyy.djk.dropdownmenu.R$anim: int abc_slide_in_bottom
com.yyy.djk.dropdownmenu.R$anim: int abc_slide_in_top
com.yyy.djk.dropdownmenu.R$anim: int abc_slide_out_bottom
com.yyy.djk.dropdownmenu.R$anim: int abc_slide_out_top
com.yyy.djk.dropdownmenu.R$anim: int dd_mask_in
com.yyy.djk.dropdownmenu.R$anim: int dd_mask_out
com.yyy.djk.dropdownmenu.R$anim: int dd_menu_in
com.yyy.djk.dropdownmenu.R$anim: int dd_menu_out
com.yyy.djk.dropdownmenu.R$attr: int actionBarDivider
com.yyy.djk.dropdownmenu.R$attr: int actionBarItemBackground
com.yyy.djk.dropdownmenu.R$attr: int actionBarPopupTheme
com.yyy.djk.dropdownmenu.R$attr: int actionBarSize
com.yyy.djk.dropdownmenu.R$attr: int actionBarSplitStyle
com.yyy.djk.dropdownmenu.R$attr: int actionBarStyle
com.yyy.djk.dropdownmenu.R$attr: int actionBarTabBarStyle
com.yyy.djk.dropdownmenu.R$attr: int actionBarTabStyle
com.yyy.djk.dropdownmenu.R$attr: int actionBarTabTextStyle
com.yyy.djk.dropdownmenu.R$attr: int actionBarTheme
com.yyy.djk.dropdownmenu.R$attr: int actionBarWidgetTheme
com.yyy.djk.dropdownmenu.R$attr: int actionButtonStyle
com.yyy.djk.dropdownmenu.R$attr: int actionDropDownStyle
com.yyy.djk.dropdownmenu.R$attr: int actionLayout
com.yyy.djk.dropdownmenu.R$attr: int actionMenuTextAppearance
com.yyy.djk.dropdownmenu.R$attr: int actionMenuTextColor
com.yyy.djk.dropdownmenu.R$attr: int actionModeBackground
com.yyy.djk.dropdownmenu.R$attr: int actionModeCloseButtonStyle
com.yyy.djk.dropdownmenu.R$attr: int actionModeCloseDrawable
com.yyy.djk.dropdownmenu.R$attr: int actionModeCopyDrawable
com.yyy.djk.dropdownmenu.R$attr: int actionModeCutDrawable
com.yyy.djk.dropdownmenu.R$attr: int actionModeFindDrawable
com.yyy.djk.dropdownmenu.R$attr: int actionModePasteDrawable
com.yyy.djk.dropdownmenu.R$attr: int actionModePopupWindowStyle
com.yyy.djk.dropdownmenu.R$attr: int actionModeSelectAllDrawable
com.yyy.djk.dropdownmenu.R$bool: int abc_action_bar_embed_tabs
com.yyy.djk.dropdownmenu.R$bool: int abc_action_bar_embed_tabs_pre_jb
com.yyy.djk.dropdownmenu.R$bool: int abc_action_bar_expanded_action_views_exclusive
com.yyy.djk.dropdownmenu.R$bool: int abc_allow_stacked_button_bar
com.yyy.djk.dropdownmenu.R$bool: int abc_config_actionMenuItemAllCaps
com.yyy.djk.dropdownmenu.R$bool: int abc_config_allowActionMenuItemTextWithIcon
com.yyy.djk.dropdownmenu.R$bool: int abc_config_closeDialogWhenTouchOutside
com.yyy.djk.dropdownmenu.R$bool: int abc_config_showMenuShortcutsWhenKeyboardPresent
...
android.support.v4.media.RatingCompat
android.support.v4.media.RatingCompat: android.os.Parcelable$Creator CREATOR
android.support.v4.media.session.MediaButtonReceiver
android.support.v4.media.session.MediaSessionCompat$QueueItem
android.support.v4.media.session.MediaSessionCompat$QueueItem: android.os.Parcelable$Creator CREATOR
android.support.v4.media.session.MediaSessionCompat$ResultReceiverWrapper
android.support.v4.media.session.MediaSessionCompat$ResultReceiverWrapper: android.os.Parcelable$Creator CREATOR
android.support.v4.media.session.MediaSessionCompat$Token
android.support.v4.media.session.MediaSessionCompat$Token: android.os.Parcelable$Creator CREATOR
android.support.v4.media.session.ParcelableVolumeInfo
android.support.v4.media.session.ParcelableVolumeInfo: android.os.Parcelable$Creator CREATOR
android.support.v4.media.session.PlaybackStateCompat
android.support.v4.media.session.PlaybackStateCompat: android.os.Parcelable$Creator CREATOR
android.support.v4.media.session.PlaybackStateCompat$CustomAction
android.support.v4.media.session.PlaybackStateCompat$CustomAction: android.os.Parcelable$Creator CREATOR
android.support.v4.os.OperationCanceledException
android.support.v4.os.OperationCanceledException: OperationCanceledException()
android.support.v4.os.OperationCanceledException: OperationCanceledException(java.lang.String)
android.support.v4.os.ResultReceiver
android.support.v4.os.ResultReceiver: android.os.Parcelable$Creator CREATOR
android.support.v4.view.PagerTabStrip
android.support.v4.view.PagerTabStrip: PagerTabStrip(android.content.Context)
android.support.v4.view.PagerTabStrip: PagerTabStrip(android.content.Context,android.util.AttributeSet)
android.support.v4.view.PagerTabStrip: void setTabIndicatorColor(int)
android.support.v4.view.PagerTabStrip: void setTabIndicatorColorResource(int)
android.support.v4.view.PagerTabStrip: int getTabIndicatorColor()
android.support.v4.view.PagerTabStrip: void setPadding(int,int,int,int)
android.support.v4.view.PagerTabStrip: void setTextSpacing(int)
android.support.v4.view.PagerTabStrip: void setBackgroundDrawable(android.graphics.drawable.Drawable)
android.support.v4.view.PagerTabStrip: void setBackgroundColor(int)
android.support.v4.view.PagerTabStrip: void setBackgroundResource(int)
android.support.v4.view.PagerTabStrip: void setDrawFullUnderline(boolean)
android.support.v4.view.PagerTabStrip: boolean getDrawFullUnderline()
android.support.v4.view.PagerTabStrip: int getMinHeight()
android.support.v4.view.PagerTitleStrip
android.support.v4.view.PagerTitleStrip: void setSingleLineAllCaps(android.widget.TextView)
android.support.v4.view.PagerTitleStrip: PagerTitleStrip(android.content.Context)
android.support.v4.view.PagerTitleStrip: PagerTitleStrip(android.content.Context,android.util.AttributeSet)
android.support.v4.view.PagerTitleStrip: void setTextSpacing(int)
android.support.v4.view.PagerTitleStrip: int getTextSpacing()
android.support.v4.view.PagerTitleStrip: void setNonPrimaryAlpha(float)
android.support.v4.view.PagerTitleStrip: void setTextColor(int)
android.support.v4.view.PagerTitleStrip: void setTextSize(int,float)
android.support.v4.view.PagerTitleStrip: void setGravity(int)
android.support.v4.view.PagerTitleStrip: int getMinHeight()