app/build/outputs/mapping/release/mapping.txt
com.yyy.djk.dropdownmenu.ConstellationAdapter -> com.yyy.djk.dropdownmenu.a:
    android.content.Context context -> a
    java.util.List list -> b
    int checkItemPosition -> c
    void setCheckItem(int) -> a
    void <init>(android.content.Context,java.util.List) -> <init>
    int getCount() -> getCount
    java.lang.Object getItem(int) -> getItem
    long getItemId(int) -> getItemId
    android.view.View getView(int,android.view.View,android.view.ViewGroup) -> getView
    void fillValue(int,com.yyy.djk.dropdownmenu.ConstellationAdapter$ViewHolder) -> a
com.yyy.djk.dropdownmenu.ConstellationAdapter$ViewHolder -> com.yyy.djk.dropdownmenu.a$a:
    android.widget.TextView mText -> a
    void <init>() -> <init>
com.yyy.djk.dropdownmenu.GirdDropDownAdapter -> com.yyy.djk.dropdownmenu.b:
    android.content.Context context -> a
    java.util.List list -> b
    int checkItemPosition -> c
    void setCheckItem(int) -> a
    void <init>(android.content.Context,java.util.List) -> <init>
    int getCount() -> getCount
    java.lang.Object getItem(int) -> getItem
    long getItemId(int) -> getItemId
    android.view.View getView(int,android.view.View,android.view.ViewGroup) -> getView
    void fillValue(int,com.yyy.djk.dropdownmenu.GirdDropDownAdapter$ViewHolder) -> a
com.yyy.djk.dropdownmenu.GirdDropDownAdapter$ViewHolder -> com.yyy.djk.dropdownmenu.b$a:
    android.widget.TextView mText -> a
    void <init>() -> <init>
com.yyy.djk.dropdownmenu.ListDropDownAdapter -> com.yyy.djk.dropdownmenu.c:
    android.content.Context context -> a
    java.util.List list -> b
    int checkItemPosition -> c
    void setCheckItem(int) -> a
    void <init>(android.content.Context,java.util.List) -> <init>
    int getCount() -> getCount
    java.lang.Object getItem(int) -> getItem
    long getItemId(int) -> getItemId
    android.view.View getView(int,android.view.View,android.view.ViewGroup) -> getView
    void fillValue(int,com.yyy.djk.dropdownmenu.ListDropDownAdapter$ViewHolder) -> a
com.yyy.djk.dropdownmenu.ListDropDownAdapter$ViewHolder -> com.yyy.djk.dropdownmenu.c$a:
    android.widget.TextView mText -> a
    void <init>() -> <init>
com.yyy.djk.dropdownmenu.MainActivity -> com.yyy.djk.dropdownmenu.MainActivity:
    com.yyydjk.library.DropDownMenu mDropDownMenu -> i
    java.lang.String[] headers -> j
    java.util.List popupViews -> k
    com.yyy.djk.dropdownmenu.GirdDropDownAdapter cityAdapter -> l
    com.yyy.djk.dropdownmenu.ListDropDownAdapter ageAdapter -> m
    com.yyy.djk.dropdownmenu.ListDropDownAdapter sexAdapter -> n
    com.yyy.djk.dropdownmenu.ConstellationAdapter constellationAdapter -> o
    java.lang.String[] citys -> p
    java.lang.String[] ages -> q
    java.lang.String[] sexs -> r
    java.lang.String[] constellations -> s
    int constellationPosition -> t
    void <init>() -> <init>
    void onCreate(android.os.Bundle) -> onCreate
    void initView() -> j
    void onBackPressed() -> onBackPressed
    int access$000(com.yyy.djk.dropdownmenu.MainActivity) -> a
    java.lang.String[] access$100(com.yyy.djk.dropdownmenu.MainActivity) -> b
    java.lang.String[] access$200(com.yyy.djk.dropdownmenu.MainActivity) -> c
    com.yyydjk.library.DropDownMenu access$300(com.yyy.djk.dropdownmenu.MainActivity) -> d
    com.yyy.djk.dropdownmenu.GirdDropDownAdapter access$400(com.yyy.djk.dropdownmenu.MainActivity) -> e
    java.lang.String[] access$500(com.yyy.djk.dropdownmenu.MainActivity) -> f
    com.yyy.djk.dropdownmenu.ListDropDownAdapter access$600(com.yyy.djk.dropdownmenu.MainActivity) -> g
    java.lang.String[] access$700(com.yyy.djk.dropdownmenu.MainActivity) -> h
com.yyy.djk.dropdownmenu.MainActivity$1 -> com.yyy.djk.dropdownmenu.d:
    com.yyy.djk.dropdownmenu.MainActivity this$0 -> a
    void <init>(com.yyy.djk.dropdownmenu.MainActivity) -> <init>
    void onClick(android.view.View) -> onClick
...
android.support.v7.widget.ActionBarOverlayLayout$LayoutParams -> android.support.v7.widget.ActionBarOverlayLayout$LayoutParams:
    void <init>(android.content.Context,android.util.AttributeSet) -> <init>
    void <init>(int,int) -> <init>
    void <init>(android.view.ViewGroup$LayoutParams) -> <init>
android.support.v7.widget.ActionMenuPresenter -> android.support.v7.widget.ActionMenuPresenter:
    android.support.v7.widget.ActionMenuPresenter$OverflowMenuButton mOverflowButton -> i
    android.graphics.drawable.Drawable mPendingOverflowIcon -> j
    boolean mPendingOverflowIconSet -> k
    boolean mReserveOverflow -> l
    boolean mReserveOverflowSet -> m
    int mWidthLimit -> n
    int mActionItemWidthLimit -> o
    int mMaxItems -> p
    boolean mMaxItemsSet -> q
    boolean mStrictWidthLimit -> r
    boolean mWidthLimitSet -> s
    boolean mExpandedActionViewsExclusive -> t
    int mMinCellSize -> u
    android.util.SparseBooleanArray mActionButtonGroups -> v
    android.view.View mScrapActionButtonView -> w
    android.support.v7.widget.ActionMenuPresenter$OverflowPopup mOverflowPopup -> x
    android.support.v7.widget.ActionMenuPresenter$ActionButtonSubmenu mActionButtonPopup -> y
    android.support.v7.widget.ActionMenuPresenter$OpenOverflowRunnable mPostedOpenRunnable -> z
    android.support.v7.widget.ActionMenuPresenter$ActionMenuPopupCallback mPopupCallback -> A
    android.support.v7.widget.ActionMenuPresenter$PopupPresenterCallback mPopupPresenterCallback -> g
    int mOpenSubMenuId -> h
    void <init>(android.content.Context) -> <init>
    void initForMenu(android.content.Context,android.support.v7.view.menu.MenuBuilder) -> a
    void onConfigurationChanged(android.content.res.Configuration) -> a
    void setReserveOverflow(boolean) -> c
android.support.v7.widget.ActionMenuPresenter$1 -> android.support.v7.widget.ActionMenuPresenter$1:
android.support.v7.widget.ActionMenuPresenter$ActionButtonSubmenu -> android.support.v7.widget.ActionMenuPresenter$a:
    android.support.v7.view.menu.SubMenuBuilder mSubMenu -> d
    android.support.v7.widget.ActionMenuPresenter this$0 -> c
    void <init>(android.support.v7.widget.ActionMenuPresenter,android.content.Context,android.support.v7.view.menu.SubMenuBuilder) -> <init>
    void onDismiss() -> onDismiss
android.support.v7.widget.ActionMenuPresenter$ActionMenuPopupCallback -> android.support.v7.widget.ActionMenuPresenter$b:
    android.support.v7.widget.ActionMenuPresenter this$0 -> a
    void <init>(android.support.v7.widget.ActionMenuPresenter) -> <init>
    android.support.v7.widget.ListPopupWindow getPopup() -> a
    void <init>(android.support.v7.widget.ActionMenuPresenter,android.support.v7.widget.ActionMenuPresenter$1) -> <init>
android.support.v7.widget.ActionMenuPresenter$OpenOverflowRunnable -> android.support.v7.widget.ActionMenuPresenter$c:
    android.support.v7.widget.ActionMenuPresenter$OverflowPopup mPopup -> b
    android.support.v7.widget.ActionMenuPresenter this$0 -> a
    void <init>(android.support.v7.widget.ActionMenuPresenter,android.support.v7.widget.ActionMenuPresenter$OverflowPopup) -> <init>
    void run() -> run
android.support.v7.widget.ActionMenuPresenter$OverflowMenuButton -> android.support.v7.widget.ActionMenuPresenter$d:
    float[] mTempPts -> b
    android.support.v7.widget.ActionMenuPresenter this$0 -> a
    void <init>(android.support.v7.widget.ActionMenuPresenter,android.content.Context) -> <init>
    boolean performClick() -> performClick
    boolean needsDividerBefore() -> c
    boolean needsDividerAfter() -> d
    boolean setFrame(int,int,int,int) -> setFrame