app/build/outputs/mapping/release/usage.txt
com.yyy.djk.dropdownmenu.BuildConfig
com.yyy.djk.dropdownmenu.R
com.yyy.djk.dropdownmenu.R$anim
com.yyy.djk.dropdownmenu.R$attr
com.yyy.djk.dropdownmenu.R$bool
com.yyy.djk.dropdownmenu.R$color
com.yyy.djk.dropdownmenu.R$dimen
com.yyy.djk.dropdownmenu.R$drawable
com.yyy.djk.dropdownmenu.R$id
com.yyy.djk.dropdownmenu.R$integer
com.yyy.djk.dropdownmenu.R$layout
com.yyy.djk.dropdownmenu.R$menu
com.yyy.djk.dropdownmenu.R$mipmap
com.yyy.djk.dropdownmenu.R$string
com.yyy.djk.dropdownmenu.R$style
com.yyy.djk.dropdownmenu.R$styleable
...
android.support.v4.app.NotificationCompatExtras
android.support.v4.app.NotificationCompatGingerbread
android.support.v4.app.NotificationCompatHoneycomb
android.support.v4.app.NotificationCompatIceCreamSandwich
android.support.v4.app.NotificationCompatIceCreamSandwich$Builder
android.support.v4.app.NotificationCompatJellybean
android.support.v4.app.NotificationCompatJellybean$Builder
android.support.v4.app.NotificationCompatKitKat
android.support.v4.app.NotificationCompatKitKat$Builder
android.support.v4.app.NotificationCompatSideChannelService:
    47:55:public android.os.IBinder onBind(android.content.Intent)
    public abstract void notify(java.lang.String,int,java.lang.String,android.app.Notification)
    public abstract void cancel(java.lang.String,int,java.lang.String)
    public abstract void cancelAll(java.lang.String)
    110:115:private void checkPermission(int,java.lang.String)
    44:44:static synthetic void access$100(android.support.v4.app.NotificationCompatSideChannelService,int,java.lang.String)
android.support.v4.app.NotificationCompatSideChannelService$1
android.support.v4.app.NotificationCompatSideChannelService$NotificationSideChannelStub
android.support.v4.app.NotificationManagerCompat
android.support.v4.app.NotificationManagerCompat$CancelTask
android.support.v4.app.NotificationManagerCompat$Impl
android.support.v4.app.NotificationManagerCompat$ImplBase
android.support.v4.app.NotificationManagerCompat$ImplEclair
android.support.v4.app.NotificationManagerCompat$ImplIceCreamSandwich
android.support.v4.app.NotificationManagerCompat$NotifyTask
android.support.v4.app.NotificationManagerCompat$ServiceConnectedEvent
android.support.v4.app.NotificationManagerCompat$SideChannelManager
android.support.v4.app.NotificationManagerCompat$SideChannelManager$ListenerRecord
android.support.v4.app.NotificationManagerCompat$Task
android.support.v4.app.NotificationManagerCompatEclair
android.support.v4.app.NotificationManagerCompatIceCreamSandwich
android.support.v4.app.RemoteInput
android.support.v4.app.RemoteInput$1
android.support.v4.app.RemoteInput$Builder
android.support.v4.app.RemoteInput$Impl
android.support.v4.app.RemoteInput$ImplApi20
android.support.v4.app.RemoteInput$ImplBase
android.support.v4.app.RemoteInput$ImplJellybean
android.support.v4.app.RemoteInputCompatApi20
android.support.v4.app.RemoteInputCompatBase
android.support.v4.app.RemoteInputCompatBase$RemoteInput
android.support.v4.app.RemoteInputCompatBase$RemoteInput$Factory
android.support.v4.app.RemoteInputCompatJellybean
android.support.v4.app.ServiceCompat
android.support.v4.app.ShareCompat
android.support.v4.app.ShareCompat$IntentBuilder
android.support.v4.app.ShareCompat$IntentReader
android.support.v4.app.ShareCompat$ShareCompatImpl
android.support.v4.app.ShareCompat$ShareCompatImplBase
android.support.v4.app.ShareCompat$ShareCompatImplICS
android.support.v4.app.ShareCompat$ShareCompatImplJB
android.support.v4.app.ShareCompatICS
android.support.v4.app.ShareCompatJB
android.support.v4.app.SharedElementCallback:
    private android.graphics.Matrix mTempMatrix
    private static final java.lang.String BUNDLE_SNAPSHOT_BITMAP
    private static final java.lang.String BUNDLE_SNAPSHOT_IMAGE_SCALETYPE
    private static final java.lang.String BUNDLE_SNAPSHOT_IMAGE_MATRIX
    43:43:public SharedElementCallback()
    134:134:public void onRejectSharedElements(java.util.List)
    169:208:public android.os.Parcelable onCaptureSharedElementSnapshot(android.view.View,android.graphics.Matrix,android.graphics.RectF)
    215:237:private static android.graphics.Bitmap createDrawableBitmap(android.graphics.drawable.Drawable)
    258:281:public android.view.View onCreateSnapshotView(android.content.Context,android.os.Parcelable)